<?xml version="1.0" encoding="UTF-8"?>
<testng-results ignored="0" total="3" passed="3" failed="0" skipped="0">
  <reporter-output>
  </reporter-output>
  <suite started-at="2023-07-20T16:59:22 IST" name="Default suite" finished-at="2023-07-20T16:59:41 IST" duration-ms="19298">
    <groups>
    </groups>
    <test started-at="2023-07-20T16:59:22 IST" name="Default test" finished-at="2023-07-20T16:59:41 IST" duration-ms="19298">
      <class name="testNGAnnotation_Flags.GoogleSearchTestCase">
        <test-method is-config="true" signature="setUp()[pri:0, instance:testNGAnnotation_Flags.GoogleSearchTestCase@53fb3dab]" started-at="2023-07-20T16:59:22 IST" name="setUp" description="Open the Browser" finished-at="2023-07-20T16:59:27 IST" duration-ms="5072" status="PASS">
          <reporter-output>
          </reporter-output>
        </test-method> <!-- setUp -->
        <test-method signature="search1()[pri:0, instance:testNGAnnotation_Flags.GoogleSearchTestCase@53fb3dab]" started-at="2023-07-20T16:59:27 IST" name="search1" description="TestCase1" finished-at="2023-07-20T16:59:29 IST" duration-ms="2359" status="PASS">
          <reporter-output>
          </reporter-output>
        </test-method> <!-- search1 -->
        <test-method is-config="true" signature="tearDown()[pri:0, instance:testNGAnnotation_Flags.GoogleSearchTestCase@53fb3dab]" started-at="2023-07-20T16:59:29 IST" name="tearDown" description="Close the Browser" finished-at="2023-07-20T16:59:30 IST" duration-ms="359" status="PASS">
          <reporter-output>
          </reporter-output>
        </test-method> <!-- tearDown -->
        <test-method is-config="true" signature="setUp()[pri:0, instance:testNGAnnotation_Flags.GoogleSearchTestCase@53fb3dab]" started-at="2023-07-20T16:59:30 IST" name="setUp" description="Open the Browser" finished-at="2023-07-20T16:59:33 IST" duration-ms="3138" status="PASS">
          <reporter-output>
          </reporter-output>
        </test-method> <!-- setUp -->
        <test-method signature="search2()[pri:0, instance:testNGAnnotation_Flags.GoogleSearchTestCase@53fb3dab]" started-at="2023-07-20T16:59:33 IST" name="search2" description="TestCase2" finished-at="2023-07-20T16:59:35 IST" duration-ms="2322" status="PASS">
          <reporter-output>
          </reporter-output>
        </test-method> <!-- search2 -->
        <test-method is-config="true" signature="tearDown()[pri:0, instance:testNGAnnotation_Flags.GoogleSearchTestCase@53fb3dab]" started-at="2023-07-20T16:59:35 IST" name="tearDown" description="Close the Browser" finished-at="2023-07-20T16:59:35 IST" duration-ms="333" status="PASS">
          <reporter-output>
          </reporter-output>
        </test-method> <!-- tearDown -->
        <test-method is-config="true" signature="setUp()[pri:0, instance:testNGAnnotation_Flags.GoogleSearchTestCase@53fb3dab]" started-at="2023-07-20T16:59:35 IST" name="setUp" description="Open the Browser" finished-at="2023-07-20T16:59:38 IST" duration-ms="2952" status="PASS">
          <reporter-output>
          </reporter-output>
        </test-method> <!-- setUp -->
        <test-method signature="search3()[pri:0, instance:testNGAnnotation_Flags.GoogleSearchTestCase@53fb3dab]" started-at="2023-07-20T16:59:38 IST" name="search3" description="TestCase3" finished-at="2023-07-20T16:59:41 IST" duration-ms="2330" status="PASS">
          <reporter-output>
          </reporter-output>
        </test-method> <!-- search3 -->
        <test-method is-config="true" signature="tearDown()[pri:0, instance:testNGAnnotation_Flags.GoogleSearchTestCase@53fb3dab]" started-at="2023-07-20T16:59:41 IST" name="tearDown" description="Close the Browser" finished-at="2023-07-20T16:59:41 IST" duration-ms="325" status="PASS">
          <reporter-output>
          </reporter-output>
        </test-method> <!-- tearDown -->
      </class> <!-- testNGAnnotation_Flags.GoogleSearchTestCase -->
    </test> <!-- Default test -->
  </suite> <!-- Default suite -->
</testng-results>
