<?xml version="1.0" encoding="UTF-8"?>
<!-- Generated by org.testng.reporters.JUnitXMLReporter -->
<testsuite ignored="0" hostname="DESKTOP-910PMF1" failures="0" tests="3" name="Default test" time="19.298" errors="0" timestamp="2023-07-20T16:59:41 IST">
  <testcase classname="testNGAnnotation_Flags.GoogleSearchTestCase" name="search1" time="2.359"/>
  <testcase classname="testNGAnnotation_Flags.GoogleSearchTestCase" name="search2" time="2.322"/>
  <testcase classname="testNGAnnotation_Flags.GoogleSearchTestCase" name="search3" time="2.33"/>
</testsuite> <!-- Default test -->
