<?xml version="1.0" encoding="UTF-8"?>
<!-- Generated by org.testng.reporters.JUnitXMLReporter -->
<testsuite ignored="0" hostname="DESKTOP-910PMF1" failures="0" tests="6" name="Test" time="0.139" errors="0" timestamp="2023-07-18T15:16:18 IST">
  <testcase classname="testNGExecution.TestMethod3" name="testMethod6" time="0.023"/>
  <testcase classname="testNGExecution.TestMethod1" name="testMethod1" time="0.055"/>
  <testcase classname="testNGExecution.TestMethod2" name="testMethod4" time="0.009"/>
  <testcase classname="testNGExecution.TestMethod1" name="testMethod2" time="0.024"/>
  <testcase classname="testNGExecution.TestMethod2" name="testMethod3" time="0.027"/>
  <testcase classname="testNGExecution.TestMethod3" name="testMethod5" time="0.025"/>
</testsuite> <!-- Test -->
